<?xml version="1.0" encoding="UTF-8"?>
<testsuite name="TestSignup" tests="2" skipped="0" failures="0" errors="0" timestamp="2021-04-11T18:51:16" hostname="karina-pc" time="3.06">
  <properties/>
  <testcase name="Check auth" classname="TestSignup" time="3.06"/>
  <testcase name="Check availability" classname="TestSignup" time="6.3"/>
  <system-out><![CDATA[]]></system-out>
  <system-err><![CDATA[]]></system-err>
</testsuite>
